<component name="libraryTable">
  <library name="JUnitParams-1.0.5">
    <CLASSES>
      <root url="jar://$PROJECT_DIR$/JUnitParams-1.0.5.jar!/" />
    </CLASSES>
    <JAVADOC />
    <SOURCES />
  </library>
</component>